Added Component: Designator=CON1(CON 1X3)
Added Component: Designator=U1(STM32C8T6)
Added Component: Designator=U2(LoraÄ£¿é)
Added Component: Designator=U3(LM2576)
Added Pin To Net: NetName=OUT_USART1_RX Pin=CON1-1
Added Pin To Net: NetName=OUT_USART1_TX Pin=CON1-2
Added Pin To Net: NetName=GND Pin=CON1-3
Added Pin To Net: NetName=NetU1_6 Pin=U1-6
Added Pin To Net: NetName=NetU1_9 Pin=U1-9
Added Pin To Net: NetName=GND Pin=U1-22
Added Pin To Net: NetName=NetU1_23 Pin=U1-23
Added Pin To Net: NetName=OUT_USART1_RX Pin=U1-34
Added Pin To Net: NetName=OUT_USART1_TX Pin=U1-35
Added Pin To Net: NetName=NetU1_9 Pin=U2-2
Added Pin To Net: NetName=NetU1_6 Pin=U2-5
Added Pin To Net: NetName=GND Pin=U2-7
Added Pin To Net: NetName=IN- Pin=U3-1
Added Pin To Net: NetName=VCC Pin=U3-2
Added Pin To Net: NetName=GND Pin=U3-3
Added Pin To Net: NetName=NetU1_23 Pin=U3-4
Added Pin To Net: NetName=NetU1_10 Pin=U1-10
Added Pin To Net: NetName=NetU1_10 Pin=U2-1
Added Net: Name=NetU1_10
Added Pin To Net: NetName=NetU1_21 Pin=U1-21
Added Pin To Net: NetName=NetU1_21 Pin=U2-6
Added Net: Name=NetU1_21
Added Pin To Net: NetName=OUT_USART2_RX Pin=U1-8
Added Pin To Net: NetName=OUT_USART2_RX Pin=U2-4
Added Net: Name=OUT_USART2_RX
Added Pin To Net: NetName=OUT_USART2_TX Pin=U1-7
Added Pin To Net: NetName=OUT_USART2_TX Pin=U2-3
Added Net: Name=OUT_USART2_TX
Added Member To Class: ClassName=lora Member=Component CON1 CON 1X3
Added Member To Class: ClassName=lora Member=Component U1 STM32F103C8T6
Added Member To Class: ClassName=lora Member=Component U2 Lora1268
Added Member To Class: ClassName=lora Member=Component U3 LM2576
Added Room: Name=lora
